Build started 5/22/2012 10:06:24.
     1>Project "C:\Development\Mahou Shoujo\m files\hardware\test\test\test.vcxproj" on node 2 (build target(s)).
     1>InitializeBuildStatus:
         Touching "Debug\test.unsuccessfulbuild".
       ClCompile:
         All outputs are up-to-date.
       Link:
         c:\Program Files (x86)\Microsoft Visual Studio 10.0\VC\bin\link.exe /ERRORREPORT:PROMPT /OUT:"C:\Development\Mahou Shoujo\m files\hardware\test\Debug\test.exe" /NOLOGO kernel32.lib user32.lib gdi32.lib winspool.lib comdlg32.lib advapi32.lib shell32.lib ole32.lib oleaut32.lib uuid.lib odbc32.lib odbccp32.lib /MANIFEST /ManifestFile:"Debug\test.exe.intermediate.manifest" /MANIFESTUAC:"level='asInvoker' uiAccess='false'" /DEBUG /PDB:"C:\Development\Mahou Shoujo\m files\hardware\test\Debug\test.pdb" /TLBID:1 /DYNAMICBASE /NXCOMPAT /IMPLIB:"C:\Development\Mahou Shoujo\m files\hardware\test\Debug\test.lib" /MACHINE:X86 Debug\test.obj
     1>LINK : fatal error LNK1561: entry point must be defined
     1>Done Building Project "C:\Development\Mahou Shoujo\m files\hardware\test\test\test.vcxproj" (build target(s)) -- FAILED.

Build FAILED.

Time Elapsed 00:00:00.43
